<?xml version="1.0" encoding="UTF-8"?>
<testsuite xmlns:xsi="http://www.w3.org/2001/XMLSchema-instance" xsi:noNamespaceSchemaLocation="https://maven.apache.org/surefire/maven-surefire-plugin/xsd/surefire-test-report-3.0.xsd" version="3.0" name="com.fc.automation.core.utils.FilesUtilsTest" time="0.009" tests="1" errors="0" skipped="0" failures="0">
  <properties>
    <property name="sun.desktop" value="windows"/>
    <property name="awt.toolkit" value="sun.awt.windows.WToolkit"/>
    <property name="file.encoding.pkg" value="sun.io"/>
    <property name="java.specification.version" value="1.8"/>
    <property name="sun.cpu.isalist" value="amd64"/>
    <property name="sun.jnu.encoding" value="Cp1252"/>
    <property name="java.class.path" value="C:\git\automation\target\test-classes;C:\git\automation\target\classes;C:\Users\braulio.batista\.m2\repository\org\projectlombok\lombok\1.18.12\lombok-1.18.12.jar;C:\Users\braulio.batista\.m2\repository\org\apache\httpcomponents\httpclient\4.5.11\httpclient-4.5.11.jar;C:\Users\braulio.batista\.m2\repository\org\apache\httpcomponents\httpcore\4.4.13\httpcore-4.4.13.jar;C:\Users\braulio.batista\.m2\repository\commons-logging\commons-logging\1.2\commons-logging-1.2.jar;C:\Users\braulio.batista\.m2\repository\commons-codec\commons-codec\1.11\commons-codec-1.11.jar;C:\Users\braulio.batista\.m2\repository\io\rest-assured\rest-assured\4.3.1\rest-assured-4.3.1.jar;C:\Users\braulio.batista\.m2\repository\org\codehaus\groovy\groovy\3.0.3\groovy-3.0.3.jar;C:\Users\braulio.batista\.m2\repository\org\codehaus\groovy\groovy-xml\3.0.3\groovy-xml-3.0.3.jar;C:\Users\braulio.batista\.m2\repository\org\apache\httpcomponents\httpmime\4.5.3\httpmime-4.5.3.jar;C:\Users\braulio.batista\.m2\repository\org\hamcrest\hamcrest\2.1\hamcrest-2.1.jar;C:\Users\braulio.batista\.m2\repository\org\ccil\cowan\tagsoup\tagsoup\1.2.1\tagsoup-1.2.1.jar;C:\Users\braulio.batista\.m2\repository\io\rest-assured\json-path\4.3.1\json-path-4.3.1.jar;C:\Users\braulio.batista\.m2\repository\org\codehaus\groovy\groovy-json\3.0.3\groovy-json-3.0.3.jar;C:\Users\braulio.batista\.m2\repository\io\rest-assured\rest-assured-common\4.3.1\rest-assured-common-4.3.1.jar;C:\Users\braulio.batista\.m2\repository\io\rest-assured\xml-path\4.3.1\xml-path-4.3.1.jar;C:\Users\braulio.batista\.m2\repository\org\apache\commons\commons-lang3\3.4\commons-lang3-3.4.jar;C:\Users\braulio.batista\.m2\repository\jakarta\xml\bind\jakarta.xml.bind-api\2.3.3\jakarta.xml.bind-api-2.3.3.jar;C:\Users\braulio.batista\.m2\repository\jakarta\activation\jakarta.activation-api\1.2.2\jakarta.activation-api-1.2.2.jar;C:\Users\braulio.batista\.m2\repository\com\sun\xml\bind\jaxb-impl\2.3.3\jaxb-impl-2.3.3.jar;C:\Users\braulio.batista\.m2\repository\io\rest-assured\json-schema-validator\4.3.1\json-schema-validator-4.3.1.jar;C:\Users\braulio.batista\.m2\repository\com\github\java-json-tools\json-schema-validator\2.2.10\json-schema-validator-2.2.10.jar;C:\Users\braulio.batista\.m2\repository\com\github\java-json-tools\json-schema-core\1.2.10\json-schema-core-1.2.10.jar;C:\Users\braulio.batista\.m2\repository\com\github\java-json-tools\jackson-coreutils\1.9\jackson-coreutils-1.9.jar;C:\Users\braulio.batista\.m2\repository\com\fasterxml\jackson\core\jackson-databind\2.2.3\jackson-databind-2.2.3.jar;C:\Users\braulio.batista\.m2\repository\com\fasterxml\jackson\core\jackson-annotations\2.2.3\jackson-annotations-2.2.3.jar;C:\Users\braulio.batista\.m2\repository\com\fasterxml\jackson\core\jackson-core\2.2.3\jackson-core-2.2.3.jar;C:\Users\braulio.batista\.m2\repository\com\google\guava\guava\16.0.1\guava-16.0.1.jar;C:\Users\braulio.batista\.m2\repository\com\github\fge\msg-simple\1.1\msg-simple-1.1.jar;C:\Users\braulio.batista\.m2\repository\com\github\fge\btf\1.2\btf-1.2.jar;C:\Users\braulio.batista\.m2\repository\com\github\fge\uri-template\0.9\uri-template-0.9.jar;C:\Users\braulio.batista\.m2\repository\org\mozilla\rhino\1.7.7.1\rhino-1.7.7.1.jar;C:\Users\braulio.batista\.m2\repository\joda-time\joda-time\2.9.7\joda-time-2.9.7.jar;C:\Users\braulio.batista\.m2\repository\com\googlecode\libphonenumber\libphonenumber\8.0.0\libphonenumber-8.0.0.jar;C:\Users\braulio.batista\.m2\repository\com\google\code\findbugs\jsr305\3.0.1\jsr305-3.0.1.jar;C:\Users\braulio.batista\.m2\repository\net\sf\jopt-simple\jopt-simple\5.0.3\jopt-simple-5.0.3.jar;C:\Users\braulio.batista\.m2\repository\org\junit\jupiter\junit-jupiter\5.7.0\junit-jupiter-5.7.0.jar;C:\Users\braulio.batista\.m2\repository\org\junit\jupiter\junit-jupiter-api\5.7.0\junit-jupiter-api-5.7.0.jar;C:\Users\braulio.batista\.m2\repository\org\apiguardian\apiguardian-api\1.1.0\apiguardian-api-1.1.0.jar;C:\Users\braulio.batista\.m2\repository\org\opentest4j\opentest4j\1.2.0\opentest4j-1.2.0.jar;C:\Users\braulio.batista\.m2\repository\org\junit\platform\junit-platform-commons\1.7.0\junit-platform-commons-1.7.0.jar;C:\Users\braulio.batista\.m2\repository\org\junit\jupiter\junit-jupiter-params\5.7.0\junit-jupiter-params-5.7.0.jar;C:\Users\braulio.batista\.m2\repository\org\junit\jupiter\junit-jupiter-engine\5.7.0\junit-jupiter-engine-5.7.0.jar;C:\Users\braulio.batista\.m2\repository\org\junit\platform\junit-platform-engine\1.7.0\junit-platform-engine-1.7.0.jar;C:\Users\braulio.batista\.m2\repository\com\slack\api\slack-api-client\1.2.1\slack-api-client-1.2.1.jar;C:\Users\braulio.batista\.m2\repository\com\slack\api\slack-api-model\1.2.1\slack-api-model-1.2.1.jar;C:\Users\braulio.batista\.m2\repository\com\squareup\okhttp3\okhttp\4.9.0\okhttp-4.9.0.jar;C:\Users\braulio.batista\.m2\repository\com\squareup\okio\okio\2.8.0\okio-2.8.0.jar;C:\Users\braulio.batista\.m2\repository\org\jetbrains\kotlin\kotlin-stdlib-common\1.4.0\kotlin-stdlib-common-1.4.0.jar;C:\Users\braulio.batista\.m2\repository\org\jetbrains\kotlin\kotlin-stdlib\1.4.10\kotlin-stdlib-1.4.10.jar;C:\Users\braulio.batista\.m2\repository\org\jetbrains\annotations\13.0\annotations-13.0.jar;C:\Users\braulio.batista\.m2\repository\com\google\code\gson\gson\2.8.6\gson-2.8.6.jar;C:\Users\braulio.batista\.m2\repository\org\slf4j\slf4j-api\1.7.30\slf4j-api-1.7.30.jar;C:\Users\braulio.batista\.m2\repository\org\mockito\mockito-core\3.5.11\mockito-core-3.5.11.jar;C:\Users\braulio.batista\.m2\repository\net\bytebuddy\byte-buddy\1.10.13\byte-buddy-1.10.13.jar;C:\Users\braulio.batista\.m2\repository\net\bytebuddy\byte-buddy-agent\1.10.13\byte-buddy-agent-1.10.13.jar;C:\Users\braulio.batista\.m2\repository\org\objenesis\objenesis\3.1\objenesis-3.1.jar;C:\Users\braulio.batista\.m2\repository\org\eclipse\jetty\websocket\websocket-client\9.4.34.v20201102\websocket-client-9.4.34.v20201102.jar;C:\Users\braulio.batista\.m2\repository\org\eclipse\jetty\jetty-client\9.4.34.v20201102\jetty-client-9.4.34.v20201102.jar;C:\Users\braulio.batista\.m2\repository\org\eclipse\jetty\jetty-http\9.4.34.v20201102\jetty-http-9.4.34.v20201102.jar;C:\Users\braulio.batista\.m2\repository\org\eclipse\jetty\jetty-util\9.4.34.v20201102\jetty-util-9.4.34.v20201102.jar;C:\Users\braulio.batista\.m2\repository\org\eclipse\jetty\jetty-io\9.4.34.v20201102\jetty-io-9.4.34.v20201102.jar;C:\Users\braulio.batista\.m2\repository\org\eclipse\jetty\websocket\websocket-common\9.4.34.v20201102\websocket-common-9.4.34.v20201102.jar;C:\Users\braulio.batista\.m2\repository\org\eclipse\jetty\websocket\websocket-api\9.4.34.v20201102\websocket-api-9.4.34.v20201102.jar;C:\Users\braulio.batista\.m2\repository\org\json\json\20190722\json-20190722.jar;C:\Users\braulio.batista\.m2\repository\org\owasp\encoder\encoder\1.2.2\encoder-1.2.2.jar;C:\Users\braulio.batista\.m2\repository\com\sun\mail\javax.mail\1.6.0\javax.mail-1.6.0.jar;C:\Users\braulio.batista\.m2\repository\javax\activation\activation\1.1\activation-1.1.jar;C:\Users\braulio.batista\.m2\repository\commons-io\commons-io\2.8.0\commons-io-2.8.0.jar;"/>
    <property name="java.vm.vendor" value="Oracle Corporation"/>
    <property name="sun.arch.data.model" value="64"/>
    <property name="user.variant" value=""/>
    <property name="java.vendor.url" value="http://java.oracle.com/"/>
    <property name="user.timezone" value="Europe/London"/>
    <property name="user.country.format" value="PT"/>
    <property name="java.vm.specification.version" value="1.8"/>
    <property name="os.name" value="Windows 10"/>
    <property name="user.country" value="US"/>
    <property name="sun.java.launcher" value="SUN_STANDARD"/>
    <property name="sun.boot.library.path" value="C:\Program Files\Java\jdk1.8.0_181\jre\bin"/>
    <property name="sun.java.command" value="C:\Users\braulio.batista\AppData\Local\Temp\surefire6860333059948181485\surefirebooter2113180137529982826.jar C:\Users\braulio.batista\AppData\Local\Temp\surefire6860333059948181485 2020-11-23T14-25-09_690-jvmRun1 surefire6876297365650494852tmp surefire_0236749856020896498tmp"/>
    <property name="surefire.test.class.path" value="C:\git\automation\target\test-classes;C:\git\automation\target\classes;C:\Users\braulio.batista\.m2\repository\org\projectlombok\lombok\1.18.12\lombok-1.18.12.jar;C:\Users\braulio.batista\.m2\repository\org\apache\httpcomponents\httpclient\4.5.11\httpclient-4.5.11.jar;C:\Users\braulio.batista\.m2\repository\org\apache\httpcomponents\httpcore\4.4.13\httpcore-4.4.13.jar;C:\Users\braulio.batista\.m2\repository\commons-logging\commons-logging\1.2\commons-logging-1.2.jar;C:\Users\braulio.batista\.m2\repository\commons-codec\commons-codec\1.11\commons-codec-1.11.jar;C:\Users\braulio.batista\.m2\repository\io\rest-assured\rest-assured\4.3.1\rest-assured-4.3.1.jar;C:\Users\braulio.batista\.m2\repository\org\codehaus\groovy\groovy\3.0.3\groovy-3.0.3.jar;C:\Users\braulio.batista\.m2\repository\org\codehaus\groovy\groovy-xml\3.0.3\groovy-xml-3.0.3.jar;C:\Users\braulio.batista\.m2\repository\org\apache\httpcomponents\httpmime\4.5.3\httpmime-4.5.3.jar;C:\Users\braulio.batista\.m2\repository\org\hamcrest\hamcrest\2.1\hamcrest-2.1.jar;C:\Users\braulio.batista\.m2\repository\org\ccil\cowan\tagsoup\tagsoup\1.2.1\tagsoup-1.2.1.jar;C:\Users\braulio.batista\.m2\repository\io\rest-assured\json-path\4.3.1\json-path-4.3.1.jar;C:\Users\braulio.batista\.m2\repository\org\codehaus\groovy\groovy-json\3.0.3\groovy-json-3.0.3.jar;C:\Users\braulio.batista\.m2\repository\io\rest-assured\rest-assured-common\4.3.1\rest-assured-common-4.3.1.jar;C:\Users\braulio.batista\.m2\repository\io\rest-assured\xml-path\4.3.1\xml-path-4.3.1.jar;C:\Users\braulio.batista\.m2\repository\org\apache\commons\commons-lang3\3.4\commons-lang3-3.4.jar;C:\Users\braulio.batista\.m2\repository\jakarta\xml\bind\jakarta.xml.bind-api\2.3.3\jakarta.xml.bind-api-2.3.3.jar;C:\Users\braulio.batista\.m2\repository\jakarta\activation\jakarta.activation-api\1.2.2\jakarta.activation-api-1.2.2.jar;C:\Users\braulio.batista\.m2\repository\com\sun\xml\bind\jaxb-impl\2.3.3\jaxb-impl-2.3.3.jar;C:\Users\braulio.batista\.m2\repository\io\rest-assured\json-schema-validator\4.3.1\json-schema-validator-4.3.1.jar;C:\Users\braulio.batista\.m2\repository\com\github\java-json-tools\json-schema-validator\2.2.10\json-schema-validator-2.2.10.jar;C:\Users\braulio.batista\.m2\repository\com\github\java-json-tools\json-schema-core\1.2.10\json-schema-core-1.2.10.jar;C:\Users\braulio.batista\.m2\repository\com\github\java-json-tools\jackson-coreutils\1.9\jackson-coreutils-1.9.jar;C:\Users\braulio.batista\.m2\repository\com\fasterxml\jackson\core\jackson-databind\2.2.3\jackson-databind-2.2.3.jar;C:\Users\braulio.batista\.m2\repository\com\fasterxml\jackson\core\jackson-annotations\2.2.3\jackson-annotations-2.2.3.jar;C:\Users\braulio.batista\.m2\repository\com\fasterxml\jackson\core\jackson-core\2.2.3\jackson-core-2.2.3.jar;C:\Users\braulio.batista\.m2\repository\com\google\guava\guava\16.0.1\guava-16.0.1.jar;C:\Users\braulio.batista\.m2\repository\com\github\fge\msg-simple\1.1\msg-simple-1.1.jar;C:\Users\braulio.batista\.m2\repository\com\github\fge\btf\1.2\btf-1.2.jar;C:\Users\braulio.batista\.m2\repository\com\github\fge\uri-template\0.9\uri-template-0.9.jar;C:\Users\braulio.batista\.m2\repository\org\mozilla\rhino\1.7.7.1\rhino-1.7.7.1.jar;C:\Users\braulio.batista\.m2\repository\joda-time\joda-time\2.9.7\joda-time-2.9.7.jar;C:\Users\braulio.batista\.m2\repository\com\googlecode\libphonenumber\libphonenumber\8.0.0\libphonenumber-8.0.0.jar;C:\Users\braulio.batista\.m2\repository\com\google\code\findbugs\jsr305\3.0.1\jsr305-3.0.1.jar;C:\Users\braulio.batista\.m2\repository\net\sf\jopt-simple\jopt-simple\5.0.3\jopt-simple-5.0.3.jar;C:\Users\braulio.batista\.m2\repository\org\junit\jupiter\junit-jupiter\5.7.0\junit-jupiter-5.7.0.jar;C:\Users\braulio.batista\.m2\repository\org\junit\jupiter\junit-jupiter-api\5.7.0\junit-jupiter-api-5.7.0.jar;C:\Users\braulio.batista\.m2\repository\org\apiguardian\apiguardian-api\1.1.0\apiguardian-api-1.1.0.jar;C:\Users\braulio.batista\.m2\repository\org\opentest4j\opentest4j\1.2.0\opentest4j-1.2.0.jar;C:\Users\braulio.batista\.m2\repository\org\junit\platform\junit-platform-commons\1.7.0\junit-platform-commons-1.7.0.jar;C:\Users\braulio.batista\.m2\repository\org\junit\jupiter\junit-jupiter-params\5.7.0\junit-jupiter-params-5.7.0.jar;C:\Users\braulio.batista\.m2\repository\org\junit\jupiter\junit-jupiter-engine\5.7.0\junit-jupiter-engine-5.7.0.jar;C:\Users\braulio.batista\.m2\repository\org\junit\platform\junit-platform-engine\1.7.0\junit-platform-engine-1.7.0.jar;C:\Users\braulio.batista\.m2\repository\com\slack\api\slack-api-client\1.2.1\slack-api-client-1.2.1.jar;C:\Users\braulio.batista\.m2\repository\com\slack\api\slack-api-model\1.2.1\slack-api-model-1.2.1.jar;C:\Users\braulio.batista\.m2\repository\com\squareup\okhttp3\okhttp\4.9.0\okhttp-4.9.0.jar;C:\Users\braulio.batista\.m2\repository\com\squareup\okio\okio\2.8.0\okio-2.8.0.jar;C:\Users\braulio.batista\.m2\repository\org\jetbrains\kotlin\kotlin-stdlib-common\1.4.0\kotlin-stdlib-common-1.4.0.jar;C:\Users\braulio.batista\.m2\repository\org\jetbrains\kotlin\kotlin-stdlib\1.4.10\kotlin-stdlib-1.4.10.jar;C:\Users\braulio.batista\.m2\repository\org\jetbrains\annotations\13.0\annotations-13.0.jar;C:\Users\braulio.batista\.m2\repository\com\google\code\gson\gson\2.8.6\gson-2.8.6.jar;C:\Users\braulio.batista\.m2\repository\org\slf4j\slf4j-api\1.7.30\slf4j-api-1.7.30.jar;C:\Users\braulio.batista\.m2\repository\org\mockito\mockito-core\3.5.11\mockito-core-3.5.11.jar;C:\Users\braulio.batista\.m2\repository\net\bytebuddy\byte-buddy\1.10.13\byte-buddy-1.10.13.jar;C:\Users\braulio.batista\.m2\repository\net\bytebuddy\byte-buddy-agent\1.10.13\byte-buddy-agent-1.10.13.jar;C:\Users\braulio.batista\.m2\repository\org\objenesis\objenesis\3.1\objenesis-3.1.jar;C:\Users\braulio.batista\.m2\repository\org\eclipse\jetty\websocket\websocket-client\9.4.34.v20201102\websocket-client-9.4.34.v20201102.jar;C:\Users\braulio.batista\.m2\repository\org\eclipse\jetty\jetty-client\9.4.34.v20201102\jetty-client-9.4.34.v20201102.jar;C:\Users\braulio.batista\.m2\repository\org\eclipse\jetty\jetty-http\9.4.34.v20201102\jetty-http-9.4.34.v20201102.jar;C:\Users\braulio.batista\.m2\repository\org\eclipse\jetty\jetty-util\9.4.34.v20201102\jetty-util-9.4.34.v20201102.jar;C:\Users\braulio.batista\.m2\repository\org\eclipse\jetty\jetty-io\9.4.34.v20201102\jetty-io-9.4.34.v20201102.jar;C:\Users\braulio.batista\.m2\repository\org\eclipse\jetty\websocket\websocket-common\9.4.34.v20201102\websocket-common-9.4.34.v20201102.jar;C:\Users\braulio.batista\.m2\repository\org\eclipse\jetty\websocket\websocket-api\9.4.34.v20201102\websocket-api-9.4.34.v20201102.jar;C:\Users\braulio.batista\.m2\repository\org\json\json\20190722\json-20190722.jar;C:\Users\braulio.batista\.m2\repository\org\owasp\encoder\encoder\1.2.2\encoder-1.2.2.jar;C:\Users\braulio.batista\.m2\repository\com\sun\mail\javax.mail\1.6.0\javax.mail-1.6.0.jar;C:\Users\braulio.batista\.m2\repository\javax\activation\activation\1.1\activation-1.1.jar;C:\Users\braulio.batista\.m2\repository\commons-io\commons-io\2.8.0\commons-io-2.8.0.jar;"/>
    <property name="sun.cpu.endian" value="little"/>
    <property name="user.home" value="C:\Users\braulio.batista"/>
    <property name="user.language" value="en"/>
    <property name="java.specification.vendor" value="Oracle Corporation"/>
    <property name="java.home" value="C:\Program Files\Java\jdk1.8.0_181\jre"/>
    <property name="basedir" value="C:\git\automation"/>
    <property name="file.separator" value="\"/>
    <property name="line.separator" value="&#10;"/>
    <property name="java.vm.specification.vendor" value="Oracle Corporation"/>
    <property name="java.specification.name" value="Java Platform API Specification"/>
    <property name="java.awt.graphicsenv" value="sun.awt.Win32GraphicsEnvironment"/>
    <property name="surefire.real.class.path" value="C:\Users\braulio.batista\AppData\Local\Temp\surefire6860333059948181485\surefirebooter2113180137529982826.jar;C:\\Users\\braulio.batista\\.m2\\repository\\org\\jacoco\\org.jacoco.agent\\0.8.6\\org.jacoco.agent-0.8.6-runtime.jar"/>
    <property name="sun.boot.class.path" value="C:\Program Files\Java\jdk1.8.0_181\jre\lib\resources.jar;C:\Program Files\Java\jdk1.8.0_181\jre\lib\rt.jar;C:\Program Files\Java\jdk1.8.0_181\jre\lib\sunrsasign.jar;C:\Program Files\Java\jdk1.8.0_181\jre\lib\jsse.jar;C:\Program Files\Java\jdk1.8.0_181\jre\lib\jce.jar;C:\Program Files\Java\jdk1.8.0_181\jre\lib\charsets.jar;C:\Program Files\Java\jdk1.8.0_181\jre\lib\jfr.jar;C:\Program Files\Java\jdk1.8.0_181\jre\classes"/>
    <property name="user.script" value=""/>
    <property name="sun.management.compiler" value="HotSpot 64-Bit Tiered Compilers"/>
    <property name="java.runtime.version" value="1.8.0_181-b13"/>
    <property name="user.name" value="braulio.batista"/>
    <property name="path.separator" value=";"/>
    <property name="os.version" value="10.0"/>
    <property name="java.endorsed.dirs" value="C:\Program Files\Java\jdk1.8.0_181\jre\lib\endorsed"/>
    <property name="java.runtime.name" value="Java(TM) SE Runtime Environment"/>
    <property name="file.encoding" value="Cp1252"/>
    <property name="java.vm.name" value="Java HotSpot(TM) 64-Bit Server VM"/>
    <property name="localRepository" value="C:\Users\braulio.batista\.m2\repository"/>
    <property name="java.vendor.url.bug" value="http://bugreport.sun.com/bugreport/"/>
    <property name="java.io.tmpdir" value="C:\Users\BRAULI~1.BAT\AppData\Local\Temp\"/>
    <property name="java.version" value="1.8.0_181"/>
    <property name="user.dir" value="C:\git\automation"/>
    <property name="os.arch" value="amd64"/>
    <property name="java.vm.specification.name" value="Java Virtual Machine Specification"/>
    <property name="java.awt.printerjob" value="sun.awt.windows.WPrinterJob"/>
    <property name="user.language.format" value="pt"/>
    <property name="sun.os.patch.level" value=""/>
    <property name="java.library.path" value="C:\Program Files\Java\jdk1.8.0_181\jre\bin;C:\WINDOWS\Sun\Java\bin;C:\WINDOWS\system32;C:\WINDOWS;C:\Program Files\AdoptOpenJDK\jdk-11.0.4.11-hotspot\bin;C:\ProgramData\DockerDesktop\version-bin;C:\Program Files\Docker\Docker\Resources\bin;C:\Python27\;C:\Python27\Scripts;C:\ProgramData\Boxstarter;C:\Program Files\Microsoft MPI\Bin\;C:\Program Files (x86)\Common Files\Oracle\Java\javapath;C:\WINDOWS\system32;C:\WINDOWS;C:\WINDOWS\System32\Wbem;C:\WINDOWS\System32\WindowsPowerShell\v1.0\;C:\WINDOWS\System32\OpenSSH\;C:\Program Files (x86)\Google\Google Apps Sync\;C:\Program Files (x86)\Google\Google Apps Migration\;C:\Program Files\Microsoft SQL Server\130\Tools\Binn\;C:\Program Files\Git\cmd;C:\Program Files\dotnet\;C:\Program Files\nodejs\;C:\ProgramData\chocolatey\bin;C:\Program Files\Java\jdk1.8.0_181\bin;C:\Program Files\Microsoft SQL Server\Client SDK\ODBC\170\Tools\Binn\;C:\WINDOWS\system32;C:\WINDOWS;C:\WINDOWS\System32\Wbem;C:\WINDOWS\System32\WindowsPowerShell\v1.0\;C:\WINDOWS\System32\OpenSSH\;C:\Program Files (x86)\Microsoft SQL Server\150\DTS\Binn\;C:\Program Files (x86)\WindowsPowerShell\Scripts;C:\Program Files (x86)\Microsoft SQL Server\150\Tools\Binn\;C:\Program Files\Microsoft SQL Server\150\Tools\Binn\;C:\Program Files\Microsoft SQL Server\150\DTS\Binn\;C:\Program Files\WindowsPowerShell\Scripts\HP.ClientScriptLibrary;C:\Program Files (x86)\apache-maven-3.6.3-bin\apache-maven-3.6.3\\bin;C:\Users\braulio.batista\AppData\Local\Programs\AdoptOpenJDK\bin;C:\Users\braulio.batista\scoop\shims;C:\Users\braulio.batista\AppData\Local\Microsoft\WindowsApps;C:\Users\braulio.batista\AppData\Local\Programs\Fiddler;C:\Users\braulio.batista\AppData\Roaming\npm;C:\Program Files\Docker Toolbox;C:\sonarqube-7.4\sonarqube-7.4\bin;;C:\Users\braulio.batista\AppData\Local\Microsoft\WindowsApps;C:\Users\braulio.batista\AppData\Local\Programs\Microsoft VS Code\bin;C:\Users\braulio.batista\.dotnet\tools;."/>
    <property name="java.vm.info" value="mixed mode"/>
    <property name="java.vendor" value="Oracle Corporation"/>
    <property name="java.vm.version" value="25.181-b13"/>
    <property name="java.ext.dirs" value="C:\Program Files\Java\jdk1.8.0_181\jre\lib\ext;C:\WINDOWS\Sun\Java\lib\ext"/>
    <property name="sun.io.unicode.encoding" value="UnicodeLittle"/>
    <property name="java.class.version" value="52.0"/>
  </properties>
  <testcase name="testCopyFile" classname="com.fc.automation.core.utils.FilesUtilsTest" time="0.007"/>
</testsuite>